In file included from ../lib/kerberos.cc:1:
In file included from ../lib/kerberos.h:9:
In file included from ../node_modules/nan/nan.h:74:
../node_modules/nan/nan_new.h:33:56: warning: 'ToInt32' is deprecated [-Wdeprecated-declarations]
To<v8::Int32>(v8::Handle<v8::Integer> i)   { return i->ToInt32(); }
                                                       ^
/Users/macbookpro/.node-gyp/8.2.1/include/node/v8.h:9336:21: note: 'ToInt32' has been explicitly marked deprecated here
Local<Int32> Value::ToInt32() const {
                    ^
In file included from ../lib/kerberos.cc:1:
In file included from ../lib/kerberos.h:9:
In file included from ../node_modules/nan/nan.h:74:
../node_modules/nan/nan_new.h:38:56: warning: 'ToUint32' is deprecated [-Wdeprecated-declarations]
To<v8::Uint32>(v8::Handle<v8::Integer> i)  { return i->ToUint32(); }
                                                       ^
/Users/macbookpro/.node-gyp/8.2.1/include/node/v8.h:9330:22: note: 'ToUint32' has been explicitly marked deprecated here
Local<Uint32> Value::ToUint32() const {
                     ^
In file included from ../lib/kerberos.cc:1:
In file included from ../lib/kerberos.h:9:
In file included from ../node_modules/nan/nan.h:74:
In file included from ../node_modules/nan/nan_new.h:190:
../node_modules/nan/nan_implementation_12_inl.h:48:29: warning: 'New' is deprecated [-Wdeprecated-declarations]
  return v8::BooleanObject::New(value).As<v8::BooleanObject>();
                            ^
/Users/macbookpro/.node-gyp/8.2.1/include/node/v8.h:4532:56: note: 'New' has been explicitly marked deprecated here
  V8_DEPRECATED("Pass an isolate", static Local<Value> New(bool value));
                                                       ^
In file included from ../lib/kerberos.cc:1:
In file included from ../lib/kerberos.h:9:
In file included from ../node_modules/nan/nan.h:74:
In file included from ../node_modules/nan/nan_new.h:190:
../node_modules/nan/nan_implementation_12_inl.h:165:30: warning: 'Compile' is deprecated [-Wdeprecated-declarations]
  return v8::ScriptCompiler::Compile(v8::Isolate::GetCurrent(), &src);
                             ^
/Users/macbookpro/.node-gyp/8.2.1/include/node/v8.h:1323:21: note: 'Compile' has been explicitly marked deprecated here
      Local<Script> Compile(Isolate* isolate, Source* source,
                    ^
In file included from ../lib/kerberos.cc:1:
In file included from ../lib/kerberos.h:9:
In file included from ../node_modules/nan/nan.h:74:
In file included from ../node_modules/nan/nan_new.h:190:
../node_modules/nan/nan_implementation_12_inl.h:172:30: warning: 'Compile' is deprecated [-Wdeprecated-declarations]
  return v8::ScriptCompiler::Compile(v8::Isolate::GetCurrent(), &src);
                             ^
/Users/macbookpro/.node-gyp/8.2.1/include/node/v8.h:1323:21: note: 'Compile' has been explicitly marked deprecated here
      Local<Script> Compile(Isolate* isolate, Source* source,
                    ^
In file included from ../lib/kerberos.cc:1:
In file included from ../lib/kerberos.h:9:
In file included from ../node_modules/nan/nan.h:74:
In file included from ../node_modules/nan/nan_new.h:190:
../node_modules/nan/nan_implementation_12_inl.h:181:66: error: too many arguments to function call, expected at most 2, have 4
  return v8::Signature::New(v8::Isolate::GetCurrent(), receiver, argc, argv);
         ~~~~~~~~~~~~~~~~~~                                      ^~~~~~~~~~
/Users/macbookpro/.node-gyp/8.2.1/include/node/v8.h:5607:3: note: 'New' declared here
  static Local<Signature> New(
  ^
In file included from ../lib/kerberos.cc:1:
In file included from ../lib/kerberos.h:9:
In file included from ../node_modules/nan/nan.h:74:
In file included from ../node_modules/nan/nan_new.h:190:
../node_modules/nan/nan_implementation_12_inl.h:206:22: warning: 'NewFromOneByte' is deprecated [-Wdeprecated-declarations]
  return v8::String::NewFromOneByte(v8::Isolate::GetCurrent(), value,
                     ^
/Users/macbookpro/.node-gyp/8.2.1/include/node/v8.h:2539:21: note: 'NewFromOneByte' has been explicitly marked deprecated here
      Local<String> NewFromOneByte(Isolate* isolate, const uint8_t* data,
                    ^
In file included from ../lib/kerberos.cc:1:
In file included from ../lib/kerberos.h:9:
In file included from ../node_modules/nan/nan.h:74:
In file included from ../node_modules/nan/nan_new.h:190:
../node_modules/nan/nan_implementation_12_inl.h:218:22: warning: 'NewExternal' is deprecated [-Wdeprecated-declarations]
  return v8::String::NewExternal(v8::Isolate::GetCurrent(), value);
                     ^
/Users/macbookpro/.node-gyp/8.2.1/include/node/v8.h:2577:38: note: 'NewExternal' has been explicitly marked deprecated here
                       Local<String> NewExternal(
                                     ^
In file included from ../lib/kerberos.cc:1:
In file included from ../lib/kerberos.h:9:
In file included from ../node_modules/nan/nan.h:74:
In file included from ../node_modules/nan/nan_new.h:190:
../node_modules/nan/nan_implementation_12_inl.h:238:30: warning: 'CompileUnbound' is deprecated [-Wdeprecated-declarations]
  return v8::ScriptCompiler::CompileUnbound(v8::Isolate::GetCurrent(), &src);
                             ^
/Users/macbookpro/.node-gyp/8.2.1/include/node/v8.h:1303:45: note: 'CompileUnbound' has been explicitly marked deprecated here
                       Local<UnboundScript> CompileUnbound(
                                            ^
In file included from ../lib/kerberos.cc:1:
In file included from ../lib/kerberos.h:9:
In file included from ../node_modules/nan/nan.h:74:
In file included from ../node_modules/nan/nan_new.h:190:
../node_modules/nan/nan_implementation_12_inl.h:245:30: warning: 'CompileUnbound' is deprecated [-Wdeprecated-declarations]
  return v8::ScriptCompiler::CompileUnbound(v8::Isolate::GetCurrent(), &src);
                             ^
/Users/macbookpro/.node-gyp/8.2.1/include/node/v8.h:1303:45: note: 'CompileUnbound' has been explicitly marked deprecated here
                       Local<UnboundScript> CompileUnbound(
                                            ^
In file included from ../lib/kerberos.cc:1:
In file included from ../lib/kerberos.h:9:
../node_modules/nan/nan.h:165:25: error: redefinition of '_NanEnsureLocal'
NAN_INLINE v8::Local<T> _NanEnsureLocal(v8::Local<T> val) {
                        ^
../node_modules/nan/nan.h:160:25: note: previous definition is here
NAN_INLINE v8::Local<T> _NanEnsureLocal(v8::Handle<T> val) {
                        ^
../node_modules/nan/nan.h:187:39: warning: 'IdleNotification' is deprecated [-Wdeprecated-declarations]
    return v8::Isolate::GetCurrent()->IdleNotification(idle_time_in_ms);
                                      ^
/Users/macbookpro/.node-gyp/8.2.1/include/node/v8.h:7112:22: note: 'IdleNotification' has been explicitly marked deprecated here
                bool IdleNotification(int idle_time_in_ms));
                     ^
In file included from ../lib/kerberos.cc:1:
In file included from ../lib/kerberos.h:9:
../node_modules/nan/nan.h:310:12: error: no matching function for call to '_NanEnsureLocal'
    return NanEscapeScope(NanNew(v8::Undefined(v8::Isolate::GetCurrent())));
           ^~~~~~~~~~~~~~~~~~~~~~~~~~~~~~~~~~~~~~~~~~~~~~~~~~~~~~~~~~~~~~~~
../node_modules/nan/nan.h:296:43: note: expanded from macro 'NanEscapeScope'
# define NanEscapeScope(val) scope.Escape(_NanEnsureLocal(val))
                                          ^~~~~~~~~~~~~~~
../node_modules/nan/nan.h:165:25: note: candidate template ignored: substitution failure [with T = v8::Primitive]
NAN_INLINE v8::Local<T> _NanEnsureLocal(v8::Local<T> val) {
                        ^
../node_modules/nan/nan.h:315:12: error: no matching function for call to '_NanEnsureLocal'
    return NanEscapeScope(NanNew(v8::Null(v8::Isolate::GetCurrent())));
           ^~~~~~~~~~~~~~~~~~~~~~~~~~~~~~~~~~~~~~~~~~~~~~~~~~~~~~~~~~~
../node_modules/nan/nan.h:296:43: note: expanded from macro 'NanEscapeScope'
# define NanEscapeScope(val) scope.Escape(_NanEnsureLocal(val))
                                          ^~~~~~~~~~~~~~~
../node_modules/nan/nan.h:165:25: note: candidate template ignored: substitution failure [with T = v8::Primitive]
NAN_INLINE v8::Local<T> _NanEnsureLocal(v8::Local<T> val) {
                        ^
../node_modules/nan/nan.h:320:12: error: no matching function for call to '_NanEnsureLocal'
    return NanEscapeScope(NanNew(v8::True(v8::Isolate::GetCurrent())));
           ^~~~~~~~~~~~~~~~~~~~~~~~~~~~~~~~~~~~~~~~~~~~~~~~~~~~~~~~~~~
../node_modules/nan/nan.h:296:43: note: expanded from macro 'NanEscapeScope'
# define NanEscapeScope(val) scope.Escape(_NanEnsureLocal(val))
                                          ^~~~~~~~~~~~~~~
../node_modules/nan/nan.h:165:25: note: candidate template ignored: substitution failure [with T = v8::Boolean]
NAN_INLINE v8::Local<T> _NanEnsureLocal(v8::Local<T> val) {
                        ^
../node_modules/nan/nan.h:325:12: error: no matching function for call to '_NanEnsureLocal'
    return NanEscapeScope(NanNew(v8::False(v8::Isolate::GetCurrent())));
           ^~~~~~~~~~~~~~~~~~~~~~~~~~~~~~~~~~~~~~~~~~~~~~~~~~~~~~~~~~~~
../node_modules/nan/nan.h:296:43: note: expanded from macro 'NanEscapeScope'
# define NanEscapeScope(val) scope.Escape(_NanEnsureLocal(val))
                                          ^~~~~~~~~~~~~~~
../node_modules/nan/nan.h:165:25: note: candidate template ignored: substitution failure [with T = v8::Boolean]
NAN_INLINE v8::Local<T> _NanEnsureLocal(v8::Local<T> val) {
                        ^
../node_modules/nan/nan.h:369:20: error: no type named 'GCEpilogueCallback' in 'v8::Isolate'
      v8::Isolate::GCEpilogueCallback callback
      ~~~~~~~~~~~~~^
../node_modules/nan/nan.h:375:20: error: no type named 'GCEpilogueCallback' in 'v8::Isolate'
      v8::Isolate::GCEpilogueCallback callback) {
      ~~~~~~~~~~~~~^
../node_modules/nan/nan.h:380:20: error: no type named 'GCPrologueCallback' in 'v8::Isolate'
      v8::Isolate::GCPrologueCallback callback
      ~~~~~~~~~~~~~^
../node_modules/nan/nan.h:386:20: error: no type named 'GCPrologueCallback' in 'v8::Isolate'
      v8::Isolate::GCPrologueCallback callback) {
      ~~~~~~~~~~~~~^
../node_modules/nan/nan.h:465:15: error: no type named 'WeakCallbackData' in namespace 'v8'
    const v8::WeakCallbackData<T, _NanWeakCallbackInfo<T, P> > &data) {
          ~~~~^
../node_modules/nan/nan.h:465:31: error: expected ')'
    const v8::WeakCallbackData<T, _NanWeakCallbackInfo<T, P> > &data) {
                              ^
../node_modules/nan/nan.h:464:41: note: to match this '('
  static void _NanWeakCallbackDispatcher(
                                        ^
../node_modules/nan/nan.h:466:42: error: use of undeclared identifier 'data'
      _NanWeakCallbackInfo<T, P> *info = data.GetParameter();
                                         ^
../node_modules/nan/nan.h:557:13: error: no member named 'smalloc' in namespace 'node'
    , node::smalloc::FreeCallback callback
      ~~~~~~^
../node_modules/nan/nan.h:568:12: error: no matching function for call to 'New'
    return node::Buffer::New(v8::Isolate::GetCurrent(), data, size);
           ^~~~~~~~~~~~~~~~~
/Users/macbookpro/.node-gyp/8.2.1/include/node/node_buffer.h:67:40: note: candidate function not viable: 2nd argument ('const char *') would lose const qualifier
NODE_EXTERN v8::MaybeLocal<v8::Object> New(v8::Isolate* isolate,
                                       ^
/Users/macbookpro/.node-gyp/8.2.1/include/node/node_buffer.h:55:40: note: candidate function not viable: no known conversion from 'const char *' to 'v8::Local<v8::String>' for 2nd argument
NODE_EXTERN v8::MaybeLocal<v8::Object> New(v8::Isolate* isolate,
                                       ^
/Users/macbookpro/.node-gyp/8.2.1/include/node/node_buffer.h:52:40: note: candidate function not viable: requires 2 arguments, but 3 were provided
NODE_EXTERN v8::MaybeLocal<v8::Object> New(v8::Isolate* isolate, size_t length);
                                       ^
/Users/macbookpro/.node-gyp/8.2.1/include/node/node_buffer.h:60:40: note: candidate function not viable: requires 5 arguments, but 3 were provided
NODE_EXTERN v8::MaybeLocal<v8::Object> New(v8::Isolate* isolate,
                                       ^
In file included from ../lib/kerberos.cc:1:
In file included from ../lib/kerberos.h:9:
../node_modules/nan/nan.h:572:12: error: no viable conversion from returned value of type 'v8::MaybeLocal<v8::Object>' to function return type 'v8::Local<v8::Object>'
    return node::Buffer::New(v8::Isolate::GetCurrent(), size);
           ^~~~~~~~~~~~~~~~~~~~~~~~~~~~~~~~~~~~~~~~~~~~~~~~~~
/Users/macbookpro/.node-gyp/8.2.1/include/node/v8.h:189:7: note: candidate constructor (the implicit copy constructor) not viable: no known conversion from 'v8::MaybeLocal<v8::Object>' to 'const v8::Local<v8::Object> &' for 1st argument
class Local {
      ^
/Users/macbookpro/.node-gyp/8.2.1/include/node/v8.h:189:7: note: candidate constructor (the implicit move constructor) not viable: no known conversion from 'v8::MaybeLocal<v8::Object>' to 'v8::Local<v8::Object> &&' for 1st argument
/Users/macbookpro/.node-gyp/8.2.1/include/node/v8.h:193:13: note: candidate template ignored: could not match 'Local' against 'MaybeLocal'
  V8_INLINE Local(Local<S> that)
            ^
In file included from ../lib/kerberos.cc:1:
In file included from ../lib/kerberos.h:9:
../node_modules/nan/nan.h:579:26: error: no member named 'Use' in namespace 'node::Buffer'
    return node::Buffer::Use(v8::Isolate::GetCurrent(), data, size);
           ~~~~~~~~~~~~~~^
../node_modules/nan/nan.h:606:32: warning: 'Compile' is deprecated [-Wdeprecated-declarations]
    return v8::ScriptCompiler::Compile(v8::Isolate::GetCurrent(), &source);
                               ^
/Users/macbookpro/.node-gyp/8.2.1/include/node/v8.h:1323:21: note: 'Compile' has been explicitly marked deprecated here
      Local<Script> Compile(Isolate* isolate, Source* source,
                    ^
In file included from ../lib/kerberos.cc:1:
In file included from ../lib/kerberos.h:9:
../node_modules/nan/nan.h:613:32: warning: 'Compile' is deprecated [-Wdeprecated-declarations]
    return v8::ScriptCompiler::Compile(v8::Isolate::GetCurrent(), &source);
                               ^
/Users/macbookpro/.node-gyp/8.2.1/include/node/v8.h:1323:21: note: 'Compile' has been explicitly marked deprecated here
      Local<Script> Compile(Isolate* isolate, Source* source,
                    ^
In file included from ../lib/kerberos.cc:1:
In file included from ../lib/kerberos.h:9:
../node_modules/nan/nan.h:1396:12: error: no matching function for call to '_NanEnsureLocal'
    return NanEscapeScope(NanNew(handle)->Get(kCallbackIndex)
           ^~~~~~~~~~~~~~~~~~~~~~~~~~~~~~~~~~~~~~~~~~~~~~~~~~
../node_modules/nan/nan.h:296:43: note: expanded from macro 'NanEscapeScope'
# define NanEscapeScope(val) scope.Escape(_NanEnsureLocal(val))
                                          ^~~~~~~~~~~~~~~
../node_modules/nan/nan.h:165:25: note: candidate template ignored: substitution failure [with T = v8::Function]
NAN_INLINE v8::Local<T> _NanEnsureLocal(v8::Local<T> val) {
                        ^
../node_modules/nan/nan.h:1411:12: error: no matching function for call to '_NanEnsureLocal'
    return NanEscapeScope(node::MakeCallback(
           ^~~~~~~~~~~~~~~~~~~~~~~~~~~~~~~~~~
../node_modules/nan/nan.h:296:43: note: expanded from macro 'NanEscapeScope'
# define NanEscapeScope(val) scope.Escape(_NanEnsureLocal(val))
                                          ^~~~~~~~~~~~~~~
../node_modules/nan/nan.h:165:25: note: candidate template ignored: substitution failure [with T = v8::Value]
NAN_INLINE v8::Local<T> _NanEnsureLocal(v8::Local<T> val) {
                        ^
fatal error: too many errors emitted, stopping now [-ferror-limit=]
12 warnings and 20 errors generated.
make: *** [Release/obj.target/kerberos/lib/kerberos.o] Error 1
gyp ERR! build error 
gyp ERR! stack Error: `make` failed with exit code: 2
gyp ERR! stack     at ChildProcess.onExit (/usr/local/lib/node_modules/npm/node_modules/node-gyp/lib/build.js:258:23)
gyp ERR! stack     at emitTwo (events.js:125:13)
gyp ERR! stack     at ChildProcess.emit (events.js:213:7)
gyp ERR! stack     at Process.ChildProcess._handle.onexit (internal/child_process.js:200:12)
gyp ERR! System Darwin 16.7.0
gyp ERR! command "/usr/local/lib/node_modules/node/bin/node" "/usr/local/lib/node_modules/npm/node_modules/node-gyp/bin/node-gyp.js" "rebuild"
gyp ERR! cwd /Users/macbookpro/git/OpenPOS/node_modules/kerberos
gyp ERR! node -v v8.2.1
gyp ERR! node-gyp -v v3.6.2
gyp ERR! not ok 
